[debug] [2018-04-23T23:38:22.275Z] ----------------------------------------------------------------------
[debug] [2018-04-23T23:38:22.277Z] Command:       /home/s1nus/NodeJS/bin/node /home/s1nus/NodeJS/bin/firebase serve
[debug] [2018-04-23T23:38:22.277Z] CLI Version:   3.18.4
[debug] [2018-04-23T23:38:22.277Z] Platform:      linux
[debug] [2018-04-23T23:38:22.277Z] Node Version:  v8.11.1
[debug] [2018-04-23T23:38:22.277Z] Time:          Mon Apr 23 2018 19:38:22 GMT-0400 (EDT)
[debug] [2018-04-23T23:38:22.277Z] ----------------------------------------------------------------------
[debug] 
[debug] [2018-04-23T23:38:22.285Z] > command requires scopes: ["email","openid","https://www.googleapis.com/auth/cloudplatformprojects.readonly","https://www.googleapis.com/auth/firebase","https://www.googleapis.com/auth/cloud-platform"]
[debug] [2018-04-23T23:38:22.285Z] > authorizing via signed-in user
[debug] [2018-04-23T23:38:22.287Z] >>> HTTP REQUEST GET https://admin.firebase.com/v1/projects/auth-firestore  
  
 Mon Apr 23 2018 19:38:22 GMT-0400 (EDT)
[debug] [2018-04-23T23:38:22.802Z] <<< HTTP RESPONSE 200
[debug] [2018-04-23T23:38:22.803Z] >>> HTTP REQUEST GET https://admin.firebase.com/v1/database/auth-firestore/tokens  
  
 Mon Apr 23 2018 19:38:22 GMT-0400 (EDT)
[debug] [2018-04-23T23:38:23.171Z] <<< HTTP RESPONSE 200
[debug] [2018-04-23T23:38:23.172Z] >>> HTTP REQUEST GET https://cloudresourcemanager.googleapis.com/v1/projects/auth-firestore  
  
 Mon Apr 23 2018 19:38:23 GMT-0400 (EDT)
[debug] [2018-04-23T23:38:23.508Z] <<< HTTP RESPONSE 200
[info] 
[info] === Serving from '/home/s1nus/Prog/FoodToHeal'...
[info] 
[debug] [2018-04-23T23:38:23.510Z] >>> HTTP REQUEST GET https://mobilesdk-pa.googleapis.com/v1/projects/551061674717/clients/_:getWebAppConfig  
  
 Mon Apr 23 2018 19:38:23 GMT-0400 (EDT)
[debug] [2018-04-23T23:38:23.868Z] <<< HTTP RESPONSE 200
[info] i  hosting: Serving hosting files from: public
[info] ✔  hosting: Local server: http://localhost:5000

