[debug] [2018-06-02T04:28:17.604Z] ----------------------------------------------------------------------
[debug] [2018-06-02T04:28:17.606Z] Command:       /home/s1nus/node/bin/node /home/s1nus/node/bin/firebase serve
[debug] [2018-06-02T04:28:17.606Z] CLI Version:   3.18.5
[debug] [2018-06-02T04:28:17.607Z] Platform:      linux
[debug] [2018-06-02T04:28:17.607Z] Node Version:  v8.11.1
[debug] [2018-06-02T04:28:17.607Z] Time:          Sat Jun 02 2018 00:28:17 GMT-0400 (EDT)
[debug] [2018-06-02T04:28:17.607Z] ----------------------------------------------------------------------
[debug] 
[debug] [2018-06-02T04:28:17.615Z] > command requires scopes: ["email","openid","https://www.googleapis.com/auth/cloudplatformprojects.readonly","https://www.googleapis.com/auth/firebase","https://www.googleapis.com/auth/cloud-platform"]
[debug] [2018-06-02T04:28:17.615Z] > authorizing via signed-in user
[debug] [2018-06-02T04:28:17.617Z] >>> HTTP REQUEST GET https://admin.firebase.com/v1/projects/auth-firestore  
  
 Sat Jun 02 2018 00:28:17 GMT-0400 (EDT)
[debug] [2018-06-02T04:28:17.951Z] <<< HTTP RESPONSE 200
[debug] [2018-06-02T04:28:17.952Z] >>> HTTP REQUEST GET https://admin.firebase.com/v1/database/auth-firestore/tokens  
  
 Sat Jun 02 2018 00:28:17 GMT-0400 (EDT)
[debug] [2018-06-02T04:28:18.459Z] <<< HTTP RESPONSE 200
[debug] [2018-06-02T04:28:18.460Z] >>> HTTP REQUEST GET https://cloudresourcemanager.googleapis.com/v1/projects/auth-firestore  
  
 Sat Jun 02 2018 00:28:18 GMT-0400 (EDT)
[debug] [2018-06-02T04:28:18.715Z] <<< HTTP RESPONSE 200
[info] 
[info] === Serving from '/home/s1nus/Prog/fth-dash'...
[info] 
[debug] [2018-06-02T04:28:18.717Z] >>> HTTP REQUEST GET https://mobilesdk-pa.googleapis.com/v1/projects/551061674717/clients/_:getWebAppConfig  
  
 Sat Jun 02 2018 00:28:18 GMT-0400 (EDT)
[debug] [2018-06-02T04:28:19.013Z] <<< HTTP RESPONSE 200
[info] i  hosting: Serving hosting files from: public
[info] ✔  hosting: Local server: http://localhost:5000

